Removed Pin From Net: NetName=NetBR1_1 Pin=BR1-1
Removed Pin From Net: NetName=NetBR1_5 Pin=BR1-5
Removed Member From Class: ClassName=Sheet1 Member=BR1
Added Component: Designator=BR?(SK70D08)
Add component (AddParameter): Name = "Arrow Part Number"; Value = ""; VariantName = "[No Variations]"
Add component (AddParameter): Name = "Arrow Price/Stock"; Value = ""; VariantName = "[No Variations]"
Add component (AddParameter): Name = "Datasheet Link"; Value = "https://shop.semikron-danfoss.com/thyristor-dioden-module/semitop-/sk-70-d-08.html"; VariantName = "[No Variations]"
Add component (AddParameter): Name = "Height"; Value = "12mm"; VariantName = "[No Variations]"
Add component (AddParameter): Name = "Manufacturer_Name"; Value = "Semikron"; VariantName = "[No Variations]"
Add component (AddParameter): Name = "Manufacturer_Part_Number"; Value = "SK70D08"; VariantName = "[No Variations]"
Add component (AddParameter): Name = "Mouser Part Number"; Value = ""; VariantName = "[No Variations]"
Add component (AddParameter): Name = "Mouser Price/Stock"; Value = ""; VariantName = "[No Variations]"
Added Pin To Net: NetName=NetBR1_5 Pin=BR?-1
Added Pin To Net: NetName=NetBR1_5 Pin=BR?-7
Change Net Name : Old Net Name=NetBR1_1 New Net Name=NetC2_2
Change Net Name : Old Net Name=NetBR1_5 New Net Name=NetBR?_1
Added Pin To Net: NetName=NetBR?_9 Pin=BR?-9
Added Pin To Net: NetName=NetBR?_9 Pin=J2-3
Added Net: Name=NetBR?_9
Added Pin To Net: NetName=NetBR?_12 Pin=BR?-12
Added Pin To Net: NetName=NetBR?_12 Pin=J2-2
Added Net: Name=NetBR?_12
Added Pin To Net: NetName=NetBR?_16 Pin=BR?-16
Added Pin To Net: NetName=NetBR?_16 Pin=J2-1
Added Net: Name=NetBR?_16
Added Member To Class: ClassName=Sheet1 Member=Component BR? SK70D08
